<?xml version="1.0" encoding="UTF-8"?>
<testng-results skipped="0" failed="0" ignored="0" total="10" passed="10">
  <reporter-output>
  </reporter-output>
  <suite name="Default suite" duration-ms="215037" started-at="2022-08-13T06:14:29 EDT" finished-at="2022-08-13T06:18:04 EDT">
    <groups>
      <group name="cucumber">
        <method signature="AbstractTestNGCucumberTests.runScenario(io.cucumber.testng.PickleWrapper,io.cucumber.testng.FeatureWrapper)[pri:0, instance:bdd.amazon.runner.AmazonTestRunner@2698dc7]" name="runScenario" class="io.cucumber.testng.AbstractTestNGCucumberTests"/>
      </group> <!-- cucumber -->
    </groups>
    <test name="Default test" duration-ms="215037" started-at="2022-08-13T06:14:29 EDT" finished-at="2022-08-13T06:18:04 EDT">
      <class name="bdd.amazon.runner.AmazonTestRunner">
        <test-method status="PASS" signature="setUpClass()[pri:0, instance:bdd.amazon.runner.AmazonTestRunner@2698dc7]" name="setUpClass" is-config="true" duration-ms="436" started-at="2022-08-13T06:14:29 EDT" finished-at="2022-08-13T06:14:30 EDT">
          <reporter-output>
          </reporter-output>
        </test-method> <!-- setUpClass -->
        <test-method status="PASS" signature="runScenario(io.cucumber.testng.PickleWrapper,io.cucumber.testng.FeatureWrapper)[pri:0, instance:bdd.amazon.runner.AmazonTestRunner@2698dc7]" name="runScenario" duration-ms="25007" started-at="2022-08-13T06:14:30 EDT" description="Runs Cucumber Scenarios" data-provider="scenarios" finished-at="2022-08-13T06:14:55 EDT">
          <params>
            <param index="0">
              <value>
                <![CDATA["Amazon Registration with invalid info using email should show error messages"]]>
              </value>
            </param>
            <param index="1">
              <value>
                <![CDATA["Amazon Registration Feature"]]>
              </value>
            </param>
          </params>
          <reporter-output>
          </reporter-output>
        </test-method> <!-- runScenario -->
        <test-method status="PASS" signature="runScenario(io.cucumber.testng.PickleWrapper,io.cucumber.testng.FeatureWrapper)[pri:0, instance:bdd.amazon.runner.AmazonTestRunner@2698dc7]" name="runScenario" duration-ms="16337" started-at="2022-08-13T06:14:55 EDT" description="Runs Cucumber Scenarios" data-provider="scenarios" finished-at="2022-08-13T06:15:11 EDT">
          <params>
            <param index="0">
              <value>
                <![CDATA["Amazon Registration with valid info should redirect to captcha page"]]>
              </value>
            </param>
            <param index="1">
              <value>
                <![CDATA["Amazon Registration Feature"]]>
              </value>
            </param>
          </params>
          <reporter-output>
          </reporter-output>
        </test-method> <!-- runScenario -->
        <test-method status="PASS" signature="runScenario(io.cucumber.testng.PickleWrapper,io.cucumber.testng.FeatureWrapper)[pri:0, instance:bdd.amazon.runner.AmazonTestRunner@2698dc7]" name="runScenario" duration-ms="9773" started-at="2022-08-13T06:15:11 EDT" description="Runs Cucumber Scenarios" data-provider="scenarios" finished-at="2022-08-13T06:15:21 EDT">
          <params>
            <param index="0">
              <value>
                <![CDATA["Amazon login functionality without entering email"]]>
              </value>
            </param>
            <param index="1">
              <value>
                <![CDATA["Amazon Sign-in Feature"]]>
              </value>
            </param>
          </params>
          <reporter-output>
          </reporter-output>
        </test-method> <!-- runScenario -->
        <test-method status="PASS" signature="runScenario(io.cucumber.testng.PickleWrapper,io.cucumber.testng.FeatureWrapper)[pri:0, instance:bdd.amazon.runner.AmazonTestRunner@2698dc7]" name="runScenario" duration-ms="12032" started-at="2022-08-13T06:15:21 EDT" description="Runs Cucumber Scenarios" data-provider="scenarios" finished-at="2022-08-13T06:15:33 EDT">
          <params>
            <param index="0">
              <value>
                <![CDATA["User should get an error message if invalid email is provided"]]>
              </value>
            </param>
            <param index="1">
              <value>
                <![CDATA["Amazon Sign-in Feature"]]>
              </value>
            </param>
          </params>
          <reporter-output>
          </reporter-output>
        </test-method> <!-- runScenario -->
        <test-method status="PASS" signature="runScenario(io.cucumber.testng.PickleWrapper,io.cucumber.testng.FeatureWrapper)[pri:0, instance:bdd.amazon.runner.AmazonTestRunner@2698dc7]" name="runScenario" duration-ms="14857" started-at="2022-08-13T06:15:33 EDT" description="Runs Cucumber Scenarios" data-provider="scenarios" finished-at="2022-08-13T06:15:48 EDT">
          <params>
            <param index="0">
              <value>
                <![CDATA["Amazon Sign-in functionality with valid email and invalid password"]]>
              </value>
            </param>
            <param index="1">
              <value>
                <![CDATA["Amazon Sign-in Feature"]]>
              </value>
            </param>
          </params>
          <reporter-output>
          </reporter-output>
        </test-method> <!-- runScenario -->
        <test-method status="PASS" signature="runScenario(io.cucumber.testng.PickleWrapper,io.cucumber.testng.FeatureWrapper)[pri:0, instance:bdd.amazon.runner.AmazonTestRunner@2698dc7]" name="runScenario" duration-ms="17908" started-at="2022-08-13T06:15:48 EDT" description="Runs Cucumber Scenarios" data-provider="scenarios" finished-at="2022-08-13T06:16:06 EDT">
          <params>
            <param index="0">
              <value>
                <![CDATA["Amazon Sign-in with valid credentials using email"]]>
              </value>
            </param>
            <param index="1">
              <value>
                <![CDATA["Amazon Sign-in Feature"]]>
              </value>
            </param>
          </params>
          <reporter-output>
          </reporter-output>
        </test-method> <!-- runScenario -->
        <test-method status="PASS" signature="runScenario(io.cucumber.testng.PickleWrapper,io.cucumber.testng.FeatureWrapper)[pri:0, instance:bdd.amazon.runner.AmazonTestRunner@2698dc7]" name="runScenario" duration-ms="15183" started-at="2022-08-13T06:16:06 EDT" description="Runs Cucumber Scenarios" data-provider="scenarios" finished-at="2022-08-13T06:16:21 EDT">
          <params>
            <param index="0">
              <value>
                <![CDATA["Verify for invalid product"]]>
              </value>
            </param>
            <param index="1">
              <value>
                <![CDATA["Amazon.com Product Search and ATC"]]>
              </value>
            </param>
          </params>
          <reporter-output>
          </reporter-output>
        </test-method> <!-- runScenario -->
        <test-method status="PASS" signature="runScenario(io.cucumber.testng.PickleWrapper,io.cucumber.testng.FeatureWrapper)[pri:0, instance:bdd.amazon.runner.AmazonTestRunner@2698dc7]" name="runScenario" duration-ms="34878" started-at="2022-08-13T06:16:21 EDT" description="Runs Cucumber Scenarios" data-provider="scenarios" finished-at="2022-08-13T06:16:56 EDT">
          <params>
            <param index="0">
              <value>
                <![CDATA["Search for a valid product"]]>
              </value>
            </param>
            <param index="1">
              <value>
                <![CDATA["Amazon.com Product Search and ATC"]]>
              </value>
            </param>
          </params>
          <reporter-output>
          </reporter-output>
        </test-method> <!-- runScenario -->
        <test-method status="PASS" signature="runScenario(io.cucumber.testng.PickleWrapper,io.cucumber.testng.FeatureWrapper)[pri:0, instance:bdd.amazon.runner.AmazonTestRunner@2698dc7]" name="runScenario" duration-ms="34997" started-at="2022-08-13T06:16:56 EDT" description="Runs Cucumber Scenarios" data-provider="scenarios" finished-at="2022-08-13T06:17:31 EDT">
          <params>
            <param index="0">
              <value>
                <![CDATA["Shipping Address with Invalid info"]]>
              </value>
            </param>
            <param index="1">
              <value>
                <![CDATA["Amazon Payment Feature"]]>
              </value>
            </param>
          </params>
          <reporter-output>
          </reporter-output>
        </test-method> <!-- runScenario -->
        <test-method status="PASS" signature="runScenario(io.cucumber.testng.PickleWrapper,io.cucumber.testng.FeatureWrapper)[pri:0, instance:bdd.amazon.runner.AmazonTestRunner@2698dc7]" name="runScenario" duration-ms="33273" started-at="2022-08-13T06:17:31 EDT" description="Runs Cucumber Scenarios" data-provider="scenarios" finished-at="2022-08-13T06:18:04 EDT">
          <params>
            <param index="0">
              <value>
                <![CDATA["Shipping Address with valid info"]]>
              </value>
            </param>
            <param index="1">
              <value>
                <![CDATA["Amazon Payment Feature"]]>
              </value>
            </param>
          </params>
          <reporter-output>
          </reporter-output>
        </test-method> <!-- runScenario -->
        <test-method status="PASS" signature="tearDownClass()[pri:0, instance:bdd.amazon.runner.AmazonTestRunner@2698dc7]" name="tearDownClass" is-config="true" duration-ms="288" started-at="2022-08-13T06:18:04 EDT" finished-at="2022-08-13T06:18:04 EDT">
          <reporter-output>
          </reporter-output>
        </test-method> <!-- tearDownClass -->
      </class> <!-- bdd.amazon.runner.AmazonTestRunner -->
    </test> <!-- Default test -->
  </suite> <!-- Default suite -->
</testng-results>
